<?xml version="1.0" encoding="UTF-8"?>
<testsuite name="com.hatef.swedbank.loanapi.unit.LoanServiceTest" tests="5" skipped="0" failures="0" errors="0" timestamp="2020-03-27T01:06:52" hostname="MacBook-Pro.local" time="0.165">
  <properties/>
  <testcase name="findByInvalidCustomerId_shouldThrowException" classname="com.hatef.swedbank.loanapi.unit.LoanServiceTest" time="0.128"/>
  <testcase name="givenLoanService_ShouldReturnLoanSaved" classname="com.hatef.swedbank.loanapi.unit.LoanServiceTest" time="0.014"/>
  <testcase name="givenLoanToUpdate_shouldExistInLoans" classname="com.hatef.swedbank.loanapi.unit.LoanServiceTest" time="0.004"/>
  <testcase name="findByExistingCustomerId_shouldReturnLoan" classname="com.hatef.swedbank.loanapi.unit.LoanServiceTest" time="0.003"/>
  <testcase name="givenManagerApproved_loanStatusShouldUpdate" classname="com.hatef.swedbank.loanapi.unit.LoanServiceTest" time="0.009"/>
  <system-out><![CDATA[03:06:46.957 [Test worker] DEBUG org.springframework.test.context.junit4.SpringJUnit4ClassRunner - SpringJUnit4ClassRunner constructor called with [class com.hatef.swedbank.loanapi.unit.LoanServiceTest]
03:06:46.971 [Test worker] DEBUG org.springframework.test.context.BootstrapUtils - Instantiating CacheAwareContextLoaderDelegate from class [org.springframework.test.context.cache.DefaultCacheAwareContextLoaderDelegate]
03:06:46.988 [Test worker] DEBUG org.springframework.test.context.BootstrapUtils - Instantiating BootstrapContext using constructor [public org.springframework.test.context.support.DefaultBootstrapContext(java.lang.Class,org.springframework.test.context.CacheAwareContextLoaderDelegate)]
03:06:47.059 [Test worker] DEBUG org.springframework.test.context.BootstrapUtils - Instantiating TestContextBootstrapper for test class [com.hatef.swedbank.loanapi.unit.LoanServiceTest] from class [org.springframework.boot.test.context.SpringBootTestContextBootstrapper]
03:06:47.096 [Test worker] INFO org.springframework.boot.test.context.SpringBootTestContextBootstrapper - Neither @ContextConfiguration nor @ContextHierarchy found for test class [com.hatef.swedbank.loanapi.unit.LoanServiceTest], using SpringBootContextLoader
03:06:47.106 [Test worker] DEBUG org.springframework.test.context.support.AbstractContextLoader - Did not detect default resource location for test class [com.hatef.swedbank.loanapi.unit.LoanServiceTest]: class path resource [com/hatef/swedbank/loanapi/unit/LoanServiceTest-context.xml] does not exist
03:06:47.106 [Test worker] DEBUG org.springframework.test.context.support.AbstractContextLoader - Did not detect default resource location for test class [com.hatef.swedbank.loanapi.unit.LoanServiceTest]: class path resource [com/hatef/swedbank/loanapi/unit/LoanServiceTestContext.groovy] does not exist
03:06:47.107 [Test worker] INFO org.springframework.test.context.support.AbstractContextLoader - Could not detect default resource locations for test class [com.hatef.swedbank.loanapi.unit.LoanServiceTest]: no resource found for suffixes {-context.xml, Context.groovy}.
03:06:47.108 [Test worker] INFO org.springframework.test.context.support.AnnotationConfigContextLoaderUtils - Could not detect default configuration classes for test class [com.hatef.swedbank.loanapi.unit.LoanServiceTest]: LoanServiceTest does not declare any static, non-private, non-final, nested classes annotated with @Configuration.
03:06:47.212 [Test worker] DEBUG org.springframework.test.context.support.ActiveProfilesUtils - Could not find an 'annotation declaring class' for annotation type [org.springframework.test.context.ActiveProfiles] and class [com.hatef.swedbank.loanapi.unit.LoanServiceTest]
03:06:47.369 [Test worker] DEBUG org.springframework.context.annotation.ClassPathScanningCandidateComponentProvider - Identified candidate component class: file [/Users/hatefpalizgar/Downloads/loan-restapi-springboot/build/classes/java/main/com/hatef/swedbank/loanapi/LoanapiApplication.class]
03:06:47.371 [Test worker] INFO org.springframework.boot.test.context.SpringBootTestContextBootstrapper - Found @SpringBootConfiguration com.hatef.swedbank.loanapi.LoanapiApplication for test class com.hatef.swedbank.loanapi.unit.LoanServiceTest
03:06:47.539 [Test worker] DEBUG org.springframework.boot.test.context.SpringBootTestContextBootstrapper - @TestExecutionListeners is not present for class [com.hatef.swedbank.loanapi.unit.LoanServiceTest]: using defaults.
03:06:47.540 [Test worker] INFO org.springframework.boot.test.context.SpringBootTestContextBootstrapper - Loaded default TestExecutionListener class names from location [META-INF/spring.factories]: [org.springframework.boot.test.autoconfigure.restdocs.RestDocsTestExecutionListener, org.springframework.boot.test.autoconfigure.web.client.MockRestServiceServerResetTestExecutionListener, org.springframework.boot.test.autoconfigure.web.servlet.MockMvcPrintOnlyOnFailureTestExecutionListener, org.springframework.boot.test.autoconfigure.web.servlet.WebDriverTestExecutionListener, org.springframework.boot.test.mock.mockito.MockitoTestExecutionListener, org.springframework.boot.test.mock.mockito.ResetMocksTestExecutionListener, org.springframework.test.context.web.ServletTestExecutionListener, org.springframework.test.context.support.DirtiesContextBeforeModesTestExecutionListener, org.springframework.test.context.support.DependencyInjectionTestExecutionListener, org.springframework.test.context.support.DirtiesContextTestExecutionListener, org.springframework.test.context.transaction.TransactionalTestExecutionListener, org.springframework.test.context.jdbc.SqlScriptsTestExecutionListener, org.springframework.test.context.event.EventPublishingTestExecutionListener]
03:06:47.576 [Test worker] INFO org.springframework.boot.test.context.SpringBootTestContextBootstrapper - Using TestExecutionListeners: [org.springframework.test.context.web.ServletTestExecutionListener@5dfa11bb, org.springframework.test.context.support.DirtiesContextBeforeModesTestExecutionListener@648bafb2, org.springframework.boot.test.mock.mockito.MockitoTestExecutionListener@7f362bdb, org.springframework.boot.test.autoconfigure.SpringBootDependencyInjectionTestExecutionListener@61e19d8a, org.springframework.test.context.support.DirtiesContextTestExecutionListener@6c9b3fc4, org.springframework.test.context.transaction.TransactionalTestExecutionListener@55d4ebda, org.springframework.test.context.jdbc.SqlScriptsTestExecutionListener@1b727a48, org.springframework.test.context.event.EventPublishingTestExecutionListener@7692a961, org.springframework.boot.test.autoconfigure.restdocs.RestDocsTestExecutionListener@43c2dd68, org.springframework.boot.test.autoconfigure.web.client.MockRestServiceServerResetTestExecutionListener@31ba64f1, org.springframework.boot.test.autoconfigure.web.servlet.MockMvcPrintOnlyOnFailureTestExecutionListener@3912e8b4, org.springframework.boot.test.autoconfigure.web.servlet.WebDriverTestExecutionListener@5a288756, org.springframework.boot.test.mock.mockito.ResetMocksTestExecutionListener@f5438e6]
03:06:47.582 [Test worker] DEBUG org.springframework.test.annotation.ProfileValueUtils - Retrieved @ProfileValueSourceConfiguration [null] for test class [com.hatef.swedbank.loanapi.unit.LoanServiceTest]
03:06:47.583 [Test worker] DEBUG org.springframework.test.annotation.ProfileValueUtils - Retrieved ProfileValueSource type [class org.springframework.test.annotation.SystemProfileValueSource] for class [com.hatef.swedbank.loanapi.unit.LoanServiceTest]
03:06:47.584 [Test worker] DEBUG org.springframework.test.annotation.ProfileValueUtils - Retrieved @ProfileValueSourceConfiguration [null] for test class [com.hatef.swedbank.loanapi.unit.LoanServiceTest]
03:06:47.584 [Test worker] DEBUG org.springframework.test.annotation.ProfileValueUtils - Retrieved ProfileValueSource type [class org.springframework.test.annotation.SystemProfileValueSource] for class [com.hatef.swedbank.loanapi.unit.LoanServiceTest]
03:06:47.592 [Test worker] DEBUG org.springframework.test.context.support.AbstractDirtiesContextTestExecutionListener - Before test class: context [DefaultTestContext@3ccbb326 testClass = LoanServiceTest, testInstance = [null], testMethod = [null], testException = [null], mergedContextConfiguration = [WebMergedContextConfiguration@1e2f058b testClass = LoanServiceTest, locations = '{}', classes = '{class com.hatef.swedbank.loanapi.LoanapiApplication}', contextInitializerClasses = '[]', activeProfiles = '{}', propertySourceLocations = '{}', propertySourceProperties = '{org.springframework.boot.test.context.SpringBootTestContextBootstrapper=true}', contextCustomizers = set[org.springframework.boot.test.autoconfigure.properties.PropertyMappingContextCustomizer@0, org.springframework.boot.test.autoconfigure.web.servlet.WebDriverContextCustomizerFactory$Customizer@2039076e, org.springframework.boot.test.context.filter.ExcludeFilterContextCustomizer@364b5084, org.springframework.boot.test.json.DuplicateJsonObjectContextCustomizerFactory$DuplicateJsonObjectContextCustomizer@7a3b4b7b, org.springframework.boot.test.mock.mockito.MockitoContextCustomizer@df181d56, org.springframework.boot.test.web.client.TestRestTemplateContextCustomizer@62f4152c], resourceBasePath = 'src/main/webapp', contextLoader = 'org.springframework.boot.test.context.SpringBootContextLoader', parent = [null]], attributes = map['org.springframework.test.context.web.ServletTestExecutionListener.activateListener' -> true]], class annotated with @DirtiesContext [false] with mode [null].
03:06:47.596 [Test worker] DEBUG org.springframework.test.annotation.ProfileValueUtils - Retrieved @ProfileValueSourceConfiguration [null] for test class [com.hatef.swedbank.loanapi.unit.LoanServiceTest]
03:06:47.596 [Test worker] DEBUG org.springframework.test.annotation.ProfileValueUtils - Retrieved ProfileValueSource type [class org.springframework.test.annotation.SystemProfileValueSource] for class [com.hatef.swedbank.loanapi.unit.LoanServiceTest]
03:06:47.637 [Test worker] DEBUG org.springframework.test.context.support.TestPropertySourceUtils - Adding inlined properties to environment: {spring.jmx.enabled=false, org.springframework.boot.test.context.SpringBootTestContextBootstrapper=true, server.port=-1}

  .   ____          _            __ _ _
 /\\ / ___'_ __ _ _(_)_ __  __ _ \ \ \ \
( ( )\___ | '_ | '_| | '_ \/ _` | \ \ \ \
 \\/  ___)| |_)| | | | | || (_| |  ) ) ) )
  '  |____| .__|_| |_|_| |_\__, | / / / /
 =========|_|==============|___/=/_/_/_/
 :: Spring Boot ::        (v2.2.5.RELEASE)

2020-03-27 03:06:48.231  INFO 39650 --- [    Test worker] c.h.s.loanapi.unit.LoanServiceTest       : Starting LoanServiceTest on MacBook-Pro.local with PID 39650 (started by hatefpalizgar in /Users/hatefpalizgar/Downloads/loan-restapi-springboot)
2020-03-27 03:06:48.232  INFO 39650 --- [    Test worker] c.h.s.loanapi.unit.LoanServiceTest       : No active profile set, falling back to default profiles: default
2020-03-27 03:06:49.295  INFO 39650 --- [    Test worker] .s.d.r.c.RepositoryConfigurationDelegate : Bootstrapping Spring Data MongoDB repositories in DEFAULT mode.
2020-03-27 03:06:49.403  INFO 39650 --- [    Test worker] .s.d.r.c.RepositoryConfigurationDelegate : Finished Spring Data repository scanning in 98ms. Found 1 MongoDB repository interfaces.
2020-03-27 03:06:51.480  INFO 39650 --- [    Test worker] o.s.s.concurrent.ThreadPoolTaskExecutor  : Initializing ExecutorService 'applicationTaskExecutor'
2020-03-27 03:06:52.133  INFO 39650 --- [    Test worker] org.mongodb.driver.cluster               : Cluster created with settings {hosts=[mongodb:27017], mode=SINGLE, requiredClusterType=UNKNOWN, serverSelectionTimeout='30000 ms', maxWaitQueueSize=500}
2020-03-27 03:06:52.207  INFO 39650 --- [}-mongodb:27017] org.mongodb.driver.cluster               : Exception in monitor thread while connecting to server mongodb:27017

com.mongodb.MongoSocketException: mongodb: nodename nor servname provided, or not known
	at com.mongodb.ServerAddress.getSocketAddresses(ServerAddress.java:211) ~[mongodb-driver-core-3.11.2.jar:na]
	at com.mongodb.internal.connection.SocketStream.initializeSocket(SocketStream.java:75) ~[mongodb-driver-core-3.11.2.jar:na]
	at com.mongodb.internal.connection.SocketStream.open(SocketStream.java:65) ~[mongodb-driver-core-3.11.2.jar:na]
	at com.mongodb.internal.connection.InternalStreamConnection.open(InternalStreamConnection.java:128) ~[mongodb-driver-core-3.11.2.jar:na]
	at com.mongodb.internal.connection.DefaultServerMonitor$ServerMonitorRunnable.run(DefaultServerMonitor.java:117) ~[mongodb-driver-core-3.11.2.jar:na]
	at java.lang.Thread.run(Thread.java:748) [na:1.8.0_212]
Caused by: java.net.UnknownHostException: mongodb: nodename nor servname provided, or not known
	at java.net.Inet6AddressImpl.lookupAllHostAddr(Native Method) ~[na:1.8.0_212]
	at java.net.InetAddress$2.lookupAllHostAddr(InetAddress.java:929) ~[na:1.8.0_212]
	at java.net.InetAddress.getAddressesFromNameService(InetAddress.java:1324) ~[na:1.8.0_212]
	at java.net.InetAddress.getAllByName0(InetAddress.java:1277) ~[na:1.8.0_212]
	at java.net.InetAddress.getAllByName(InetAddress.java:1193) ~[na:1.8.0_212]
	at java.net.InetAddress.getAllByName(InetAddress.java:1127) ~[na:1.8.0_212]
	at com.mongodb.ServerAddress.getSocketAddresses(ServerAddress.java:203) ~[mongodb-driver-core-3.11.2.jar:na]
	... 5 common frames omitted

2020-03-27 03:06:52.623  INFO 39650 --- [    Test worker] c.h.s.loanapi.unit.LoanServiceTest       : Started LoanServiceTest in 4.964 seconds (JVM running for 7.083)
]]></system-out>
  <system-err><![CDATA[]]></system-err>
</testsuite>
